<?xml version="1.0" encoding="UTF-8"?>
<testsuite name="com.bridgelabz.hashtabletest.MyHashMapTest" tests="1" skipped="0" failures="0" errors="0" timestamp="2021-06-08T04:48:58" hostname="MD-CJDKE06555KH" time="0.004">
  <properties/>
  <testcase name="giveASentence_whenWordsAreAddedToList_ShouldReturnParanoidFrequency" classname="com.bridgelabz.hashtabletest.MyHashMapTest" time="0.004"/>
  <system-out><![CDATA[]]></system-out>
  <system-err><![CDATA[]]></system-err>
</testsuite>
